<?xml version="1.0" encoding="UTF-8"?>
<!-- Generated by org.testng.reporters.JUnitReportReporter -->
<testsuite skipped="0" hostname="Admin" name="org.C_zentrix.org.C_zentrix.Bar" tests="1" failures="0" timestamp="29 Jul 2019 09:13:22 GMT" time="32.030" errors="0">
  <testcase name="call_test" time="32.030" classname="org.C_zentrix.org.C_zentrix.Bar"/>
</testsuite> <!-- org.C_zentrix.org.C_zentrix.Bar -->
